Running: C:\Xilinx\14.7\ISE_DS\ISE\bin\nt64\unwrapped\fuse.exe -intstyle ise -incremental -o E:/Code/XilinxProjects/Arq2T2/UARTVersao2/UARTVersao2_tb_isim_beh.exe -prj E:/Code/XilinxProjects/Arq2T2/UARTVersao2/UARTVersao2_tb_beh.prj work.UARTVersao2_tb 
ISim P.20131013 (signature 0x7708f090)
Number of CPUs detected in this system: 4
Turning on mult-threading, number of parallel sub-compilation jobs: 8 
Determining compilation order of HDL files
Parsing VHDL file "E:/Code/XilinxProjects/Arq2T2/UARTVersao2/UART.vhd" into library work
Parsing VHDL file "E:/Code/XilinxProjects/Arq2T2/UARTVersao2/UARTVersao2_tb.vhd" into library work
Starting static elaboration
Completed static elaboration
Compiling package standard
Compiling package std_logic_1164
Compiling package cone_crew
Compiling architecture uart of entity UART [uart_default]
Compiling architecture behavior of entity uartversao2_tb
Time Resolution for simulation is 1ps.
Waiting for 1 sub-compilation(s) to finish...
Compiled 6 VHDL Units
Built simulation executable E:/Code/XilinxProjects/Arq2T2/UARTVersao2/UARTVersao2_tb_isim_beh.exe
Fuse Memory Usage: 29856 KB
Fuse CPU Usage: 312 ms
