Command line:
   UARTVersao2_tb_isim_beh.exe
     -simmode  gui
     -simrunnum  0
     -socket  50696

Sun May 05 15:24:14 2019


 Elaboration Time: 0.015625 sec

 Current Memory Usage: 5175.64 Meg

 Total Signals          : 46
 Total Nets             : 137
 Total Signal Drivers   : 30
 Total Blocks           : 4
 Total Primitive Blocks : 3
 Total Processes        : 15
 Total Traceable Variables  : 9
 Total Scalar Nets and Variables : 498
Total Line Count : 79

 Total Simulation Time: 0.296875 sec

 Current Memory Usage: 5018.35 Meg

Sun May 05 15:36:19 2019

