Running: /soft64/xilinx/ferramentas/ISE/14.7/ISE_DS/ISE/bin/lin64/unwrapped/fuse -relaunch -intstyle "ise" -incremental -lib "secureip" -o "/home/17103308/Desktop/Arq2T2/UART/UART_tb_isim_beh.exe" -prj "/home/17103308/Desktop/Arq2T2/UART/UART_tb_beh.prj" "work.UART_tb" 
ISim P.20131013 (signature 0xfbc00daa)
Number of CPUs detected in this system: 4
Turning on mult-threading, number of parallel sub-compilation jobs: 8 
Determining compilation order of HDL files
Parsing VHDL file "/home/17103308/Desktop/Arq2T2/UART/UART.vhd" into library work
Parsing VHDL file "/home/17103308/Desktop/Arq2T2/UART/UART_tb.vhd" into library work
Starting static elaboration
Completed static elaboration
Fuse Memory Usage: 95240 KB
Fuse CPU Usage: 930 ms
Compiling package standard
Compiling package std_logic_1164
Compiling package cone_crew
Compiling architecture uart of entity UART [uart_default]
Compiling architecture behavior of entity uart_tb
Time Resolution for simulation is 1ps.
Waiting for 1 sub-compilation(s) to finish...
Compiled 6 VHDL Units
Built simulation executable /home/17103308/Desktop/Arq2T2/UART/UART_tb_isim_beh.exe
Fuse Memory Usage: 663060 KB
Fuse CPU Usage: 960 ms
GCC CPU Usage: 220 ms
