ISim log file
Running: /home/17103308/Desktop/Arq2T2/UART/UART_tb_isim_beh.exe -intstyle ise -gui -tclbatch isim.cmd -view /home/17103308/Desktop/Arq2T2/UART/newWAVEFORM.wcfg -wdb /home/17103308/Desktop/Arq2T2/UART/UART_tb_isim_beh.wdb 
ISim P.20131013 (signature 0xfbc00daa)
This is a Full version of ISim.
Time resolution is 1 ps
# onerror resume
# run 3000 ns
Simulator is doing circuit initialization process.
Finished circuit initialization process.
ISim P.20131013 (signature 0xfbc00daa)
This is a Full version of ISim.
# run 3000 ns
Simulator is doing circuit initialization process.
Finished circuit initialization process.
ISim P.20131013 (signature 0xfbc00daa)
This is a Full version of ISim.
# run 3000 ns
Simulator is doing circuit initialization process.
Finished circuit initialization process.
ISim P.20131013 (signature 0xfbc00daa)
This is a Full version of ISim.
# run 3000 ns
Simulator is doing circuit initialization process.
Finished circuit initialization process.
ISim P.20131013 (signature 0xfbc00daa)
This is a Full version of ISim.
# run 3000 ns
Simulator is doing circuit initialization process.
Finished circuit initialization process.
ISim P.20131013 (signature 0xfbc00daa)
This is a Full version of ISim.
# run 3000 ns
Simulator is doing circuit initialization process.
Finished circuit initialization process.
ISim P.20131013 (signature 0xfbc00daa)
This is a Full version of ISim.
# run 3000 ns
Simulator is doing circuit initialization process.
Finished circuit initialization process.
ISim P.20131013 (signature 0xfbc00daa)
This is a Full version of ISim.
# run 3000 ns
Simulator is doing circuit initialization process.
Finished circuit initialization process.
ISim P.20131013 (signature 0xfbc00daa)
This is a Full version of ISim.
# run 3000 ns
Simulator is doing circuit initialization process.
Finished circuit initialization process.
ISim P.20131013 (signature 0xfbc00daa)
This is a Full version of ISim.
# run 3000 ns
Simulator is doing circuit initialization process.
Finished circuit initialization process.
ISim P.20131013 (signature 0xfbc00daa)
This is a Full version of ISim.
# run 3000 ns
Simulator is doing circuit initialization process.
Finished circuit initialization process.
ISim P.20131013 (signature 0xfbc00daa)
This is a Full version of ISim.
# run 3000 ns
Simulator is doing circuit initialization process.
Finished circuit initialization process.
ISim P.20131013 (signature 0xfbc00daa)
This is a Full version of ISim.
# run 3000 ns
Simulator is doing circuit initialization process.
Finished circuit initialization process.
ISim P.20131013 (signature 0xfbc00daa)
This is a Full version of ISim.
# run 3000 ns
Simulator is doing circuit initialization process.
Finished circuit initialization process.
ISim P.20131013 (signature 0xfbc00daa)
This is a Full version of ISim.
# run 3000 ns
Simulator is doing circuit initialization process.
Finished circuit initialization process.
ISim P.20131013 (signature 0xfbc00daa)
This is a Full version of ISim.
# run 3000 ns
Simulator is doing circuit initialization process.
Finished circuit initialization process.
ISim P.20131013 (signature 0xfbc00daa)
This is a Full version of ISim.
# run 3000 ns
Simulator is doing circuit initialization process.
Finished circuit initialization process.
ISim P.20131013 (signature 0xfbc00daa)
This is a Full version of ISim.
# run 3000 ns
Simulator is doing circuit initialization process.
Finished circuit initialization process.
ISim P.20131013 (signature 0xfbc00daa)
This is a Full version of ISim.
# run 3000 ns
Simulator is doing circuit initialization process.
Finished circuit initialization process.
ISim P.20131013 (signature 0xfbc00daa)
This is a Full version of ISim.
# run 3000 ns
Simulator is doing circuit initialization process.
Finished circuit initialization process.
ISim P.20131013 (signature 0xfbc00daa)
This is a Full version of ISim.
# run 3000 ns
Simulator is doing circuit initialization process.
Finished circuit initialization process.
ISim P.20131013 (signature 0xfbc00daa)
This is a Full version of ISim.
# run 3000 ns
Simulator is doing circuit initialization process.
Finished circuit initialization process.
ISim P.20131013 (signature 0xfbc00daa)
This is a Full version of ISim.
# run 3000 ns
Simulator is doing circuit initialization process.
Finished circuit initialization process.
ERROR: at 15 ns(10000): Iteration limit 10000 is reached. Possible zero delay oscillation detected where simulation can not advance in time because signals can not resolve to a stable value in File "/home/17103308/Desktop/Arq2T2/UART/UART.vhd" Line 67. Please correct this code in order to advance past the current simulation time.

INFO: Simulator is stopped.
ISim P.20131013 (signature 0xfbc00daa)
This is a Full version of ISim.
# run 3000 ns
Simulator is doing circuit initialization process.
Finished circuit initialization process.
ISim P.20131013 (signature 0xfbc00daa)
This is a Full version of ISim.
# run 3000 ns
Simulator is doing circuit initialization process.
Finished circuit initialization process.
ISim P.20131013 (signature 0xfbc00daa)
This is a Full version of ISim.
# run 3000 ns
Simulator is doing circuit initialization process.
Finished circuit initialization process.
ERROR: at 15 ns(10000): Iteration limit 10000 is reached. Possible zero delay oscillation detected where simulation can not advance in time because signals can not resolve to a stable value in File "/home/17103308/Desktop/Arq2T2/UART/UART.vhd" Line 67. Please correct this code in order to advance past the current simulation time.

INFO: Simulator is stopped.
ISim P.20131013 (signature 0xfbc00daa)
This is a Full version of ISim.
# run 3000 ns
Simulator is doing circuit initialization process.
Finished circuit initialization process.
ISim P.20131013 (signature 0xfbc00daa)
This is a Full version of ISim.
# run 3000 ns
Simulator is doing circuit initialization process.
Finished circuit initialization process.
ERROR: at 15 ns(10000): Iteration limit 10000 is reached. Possible zero delay oscillation detected where simulation can not advance in time because signals can not resolve to a stable value in File "/home/17103308/Desktop/Arq2T2/UART/UART.vhd" Line 67. Please correct this code in order to advance past the current simulation time.

INFO: Simulator is stopped.
ISim P.20131013 (signature 0xfbc00daa)
This is a Full version of ISim.
# run 3000 ns
Simulator is doing circuit initialization process.
Finished circuit initialization process.
ISim P.20131013 (signature 0xfbc00daa)
This is a Full version of ISim.
# run 3000 ns
Simulator is doing circuit initialization process.
Finished circuit initialization process.
ISim P.20131013 (signature 0xfbc00daa)
This is a Full version of ISim.
# run 3000 ns
Simulator is doing circuit initialization process.
Stopped at time : 0 fs : File "/home/17103308/Desktop/Arq2T2/UART/UART_tb.vhd" Line 115
ISim P.20131013 (signature 0xfbc00daa)
This is a Full version of ISim.
# run 3000 ns
Simulator is doing circuit initialization process.
Stopped at time : 0 fs : File "/home/17103308/Desktop/Arq2T2/UART/UART_tb.vhd" Line 115
ISim P.20131013 (signature 0xfbc00daa)
This is a Full version of ISim.
# run 3000 ns
Simulator is doing circuit initialization process.
Finished circuit initialization process.
ISim P.20131013 (signature 0xfbc00daa)
This is a Full version of ISim.
# run 3000 ns
Simulator is doing circuit initialization process.
Finished circuit initialization process.
ISim P.20131013 (signature 0xfbc00daa)
This is a Full version of ISim.
# run 3000 ns
Simulator is doing circuit initialization process.
Finished circuit initialization process.
# exit 0
