Command line:
   UARTVersao2_tb_isim_beh.exe
     -simmode  gui
     -simrunnum  0
     -socket  50888

Sun May 05 16:08:52 2019


 Elaboration Time: 0.03125 sec

 Current Memory Usage: 5175.69 Meg

 Total Signals          : 46
 Total Nets             : 137
 Total Signal Drivers   : 28
 Total Blocks           : 4
 Total Primitive Blocks : 3
 Total Processes        : 13
 Total Traceable Variables  : 9
 Total Scalar Nets and Variables : 498
Total Line Count : 87

 Total Simulation Time: 0.765625 sec

 Current Memory Usage: 5018.4 Meg

Sun May 05 16:22:27 2019

