Command line:
   CPU_tb_isim_beh.exe
     -simmode  gui
     -simrunnum  0
     -socket  63175

Sat May 04 16:10:50 2019


 Elaboration Time: 0.078125 sec

 Current Memory Usage: 5204.96 Meg

 Total Signals          : 326
 Total Nets             : 35049
 Total Signal Drivers   : 157
 Total Blocks           : 116
 Total Primitive Blocks : 83
 Total Processes        : 152
 Total Traceable Variables  : 155
 Total Scalar Nets and Variables : 36874
Total Line Count : 326

 Total Simulation Time: 0.546875 sec

 Current Memory Usage: 5204.96 Meg

Sat May 04 16:11:15 2019

